#
# A fatal error has been detected by the Java Runtime Environment:
#
#  EXCEPTION_ACCESS_VIOLATION (0xc0000005) at pc=0x0000000000000000, pid=11504, tid=14672
#
# JRE version:  (17.0.11+9) (build )
# Java VM: OpenJDK 64-Bit Server VM (17.0.11+9, mixed mode, tiered, compressed oops, compressed class ptrs, parallel gc, windows-amd64)
# Problematic frame:
# C  [jimage.dll+0x1827]
#
# No core dump will be written. Minidumps are not enabled by default on client versions of Windows
#
#

---------------  S U M M A R Y ------------

Command Line: --add-modules=ALL-SYSTEM --add-opens=java.base/java.util=ALL-UNNAMED --add-opens=java.base/java.lang=ALL-UNNAMED --add-opens=java.base/sun.nio.fs=ALL-UNNAMED -Declipse.application=org.eclipse.jdt.ls.core.id1 -Dosgi.bundles.defaultStartLevel=4 -Declipse.product=org.eclipse.jdt.ls.core.product -Djava.import.generatesMetadataFilesAtProjectRoot=false -DDetectVMInstallationsJob.disabled=true -Dfile.encoding=utf8 -XX:+UseParallelGC -XX:GCTimeRatio=4 -XX:AdaptiveSizePolicyWeight=90 -Dsun.zip.disableMemoryMapping=true -Xmx1G -Xms100m -Xlog:disable -javaagent:c:\Users\HP\.vscode\extensions\redhat.java-1.31.0-win32-x64\lombok\lombok-1.18.32.jar c:\Users\HP\.vscode\extensions\redhat.java-1.31.0-win32-x64\server\plugins\org.eclipse.equinox.launcher_1.6.800.v20240513-1750.jar -configuration c:\Users\HP\AppData\Roaming\Code\User\globalStorage\redhat.java\1.31.0\config_ss_win -data c:\Users\HP\AppData\Roaming\Code\User\workspaceStorage\9fd4e8ca408edbadcc357aa2cc59f65c\redhat.java\ss_ws --pipe=\\.\pipe\lsp-7e01cecb886c57aba4f12a0b013e0fd3-sock

Host: Intel(R) Core(TM) i5-1035G1 CPU @ 1.00GHz, 8 cores, 7G,  Windows 10 , 64 bit Build 19041 (10.0.19041.3636)
Time: Tue Jun  4 01:21:03 2024 Maroc (heure d64 bit Build 19041 (10.0.19041.3636) elapsed time: 0.505690 seconds (0d 0h 0m 0s)

---------------  T H R E A D  ---------------

Current thread (0x000001d693e80400):  JavaThread "Unknown thread" [_thread_in_vm, id=14672, stack(0x00000006f0900000,0x00000006f0a00000)]

Stack: [0x00000006f0900000,0x00000006f0a00000],  sp=0x00000006f09fecb0,  free space=1019k
Native frames: (J=compiled Java code, j=interpreted, Vv=VM code, C=native code)


siginfo: EXCEPTION_ACCESS_VIOLATION (0xc0000005), data execution prevention violation at address 0x0000000000000000


Registers:
RAX=0x000001d69416badf, RBX=0x000001d693ef2b50, RCX=0x000001d69416badf, RDX=0x000000000000034e
RSP=0x00000006f09feca8, RBP=0x00000006f09fedc0, RSI=0x000001d69416bac2, RDI=0x000001d69416bac2
R8 =0x000001d693ef2b50, R9 =0x00000000000005d5, R10=0x00000006f09fed20, R11=0xffffffffffffffff
R12=0x00000000000005d5, R13=0x000001d693e808f0, R14=0x000001d693e83100, R15=0x000001d693e83100
RIP=0x0000000000000000, EFLAGS=0x0000000000010246


Top of Stack: (sp=0x00000006f09feca8)
0x00000006f09feca8:   00007ffe78131827 000001d693ef2b50
0x00000006f09fecb8:   00007ffe7813186b 00000000000005d5
0x00000006f09fecc8:   000000000000000a 00000006f09fed08
0x00000006f09fecd8:   00007ffe9789fde6 000001d69416bac2
0x00000006f09fece8:   00007ffe78131485 000001d693ef2b50
0x00000006f09fecf8:   00000006f09fedc0 000001d69416bac2
0x00000006f09fed08:   0000000000000000 00000006f09fedc0
0x00000006f09fed18:   0000000000000000 00000000cafefafa
0x00000006f09fed28:   000000000000034e 00000000000005d5
0x00000006f09fed38:   ffffffff00000007 0000000000000001
0x00000006f09fed48:   00001353793ac4eb 00000000000005d5
0x00000006f09fed58:   000001d693e83100 000001d693e808e0
0x00000006f09fed68:   000001d691c9c490 00000000000b2f6e
0x00000006f09fed78:   000000000000036b 000001d69416bac2
0x00000006f09fed88:   00007ffe78131e9f 0000000000000000
0x00000006f09fed98:   0000000000000000 0000000000000000
0x00000006f09feda8:   0000000000000000 00007ffe78136000
0x00000006f09fedb8:   0000000000003950 000001d69401c997
0x00000006f09fedc8:   00007ffe0009c1bd 000001d693e80400
0x00000006f09fedd8:   000001d693e8d460 000001d691c9c490
0x00000006f09fede8:   00007ffe78131f36 000001d693fe442e
0x00000006f09fedf8:   000001d693e80910 000001d693e83100
0x00000006f09fee08:   000001d693e99ba0 0000000000000000
0x00000006f09fee18:   000000000000000b 0000000000002945
0x00000006f09fee28:   00000000000031f6 0000000000000001
0x00000006f09fee38:   00000000000b2f6e 000000000000036b
0x00000006f09fee48:   00000000000005d5 00001353793ac5eb
0x00000006f09fee58:   0000000000000000 000000000006b59a
0x00000006f09fee68:   000001d693e9eff0 00000000000005d5
0x00000006f09fee78:   00007ffe7813266e 000001d693e80400
0x00000006f09fee88:   000001d691cba970 00000000000005e0
0x00000006f09fee98:   0000000000007fd8 000001d693e83100 

Instructions: (pc=0x00007ffe78131827)
0x00007ffe78131727:   00 4c 8b bc 24 98 00 00 00 4c 03 f3 eb 53 ff c6
0x00007ffe78131737:   41 88 16 48 8d 0d 0f 2c 00 00 0f b6 1c 0a 49 ff
0x00007ffe78131747:   c6 44 8b c3 49 8b d7 49 8b ce e8 5a 23 00 00 4c
0x00007ffe78131757:   03 f3 4c 03 fb eb 2a 41 88 16 49 8b cf 49 ff c6
0x00007ffe78131767:   e8 d8 fa ff ff 0f b7 d8 49 8b d7 49 8b ce 4c 8d
0x00007ffe78131777:   43 02 e8 32 23 00 00 48 8d 43 02 4c 03 f0 4c 03
0x00007ffe78131787:   f8 ff c6 89 b4 24 a0 00 00 00 3b 74 24 20 0f 8c
0x00007ffe78131797:   9f fd ff ff 48 8b bc 24 a8 00 00 00 48 8b 5f 08
0x00007ffe781317a7:   41 8b c7 2b 44 24 40 48 8b 57 10 48 63 c8 48 2b
0x00007ffe781317b7:   d9 4c 8b c3 4c 2b 44 24 48 4d 03 c6 49 3b d0 74
0x00007ffe781317c7:   0c 48 8d 0d e9 2b 00 00 e8 a8 01 00 00 4c 8b c3
0x00007ffe781317d7:   49 8b d7 49 8b ce 48 8b 9c 24 90 00 00 00 48 83
0x00007ffe781317e7:   c4 50 41 5f 41 5e 41 5d 41 5c 5f 5e 5d e9 b7 22
0x00007ffe781317f7:   00 00 cc cc cc 48 83 ec 38 48 83 64 24 58 00 48
0x00007ffe78131807:   8d 4c 24 58 4d 8b d1 48 89 4c 24 20 4d 8b 49 10
0x00007ffe78131817:   48 8b c2 48 8b c8 49 8b 52 08 ff 15 e9 49 00 00
0x00007ffe78131827:   48 83 c4 38 c3 48 89 5c 24 08 48 89 6c 24 10 48
0x00007ffe78131837:   89 74 24 18 57 48 83 ec 20 48 8b e9 e8 54 00 00
0x00007ffe78131847:   00 33 db 39 1d b8 49 00 00 7e 2b 33 ff 48 8b 05
0x00007ffe78131857:   a5 49 00 00 48 8b d5 48 8b 34 07 48 8b 4e 08 e8
0x00007ffe78131867:   6f 22 00 00 85 c0 74 25 ff c3 48 83 c7 08 3b 1d
0x00007ffe78131877:   8d 49 00 00 7c d7 33 c0 48 8b 5c 24 30 48 8b 6c
0x00007ffe78131887:   24 38 48 8b 74 24 40 48 83 c4 20 5f c3 48 8b c6
0x00007ffe78131897:   eb e6 cc cc cc 40 53 48 83 ec 20 48 83 3d 56 49
0x00007ffe781318a7:   00 00 00 0f 85 be 00 00 00 48 8d 0d d1 2a 00 00
0x00007ffe781318b7:   ff 15 43 27 00 00 48 85 c0 75 12 48 8d 0d bf 2a
0x00007ffe781318c7:   00 00 ff 15 41 27 00 00 48 85 c0 74 10 48 8d 15
0x00007ffe781318d7:   b5 2a 00 00 48 8b c8 ff 15 24 27 00 00 bb 10 00
0x00007ffe781318e7:   00 00 48 89 05 20 49 00 00 8b cb c7 05 0c 49 00
0x00007ffe781318f7:   00 02 00 00 00 e8 23 11 00 00 8b cb 48 89 05 f6
0x00007ffe78131907:   48 00 00 e8 d9 10 00 00 48 8b c8 48 85 c0 74 17
0x00007ffe78131917:   48 8d 05 86 2a 00 00 48 89 41 08 48 8d 05 47 2a 



---------------  P R O C E S S  ---------------

Threads class SMR info:
_java_thread_list=0x00007ffe1355eed8, length=0, elements={
}

Java Threads: ( => current thread )

Other Threads:
  0x000001d693e95aa0 GCTaskThread "GC Thread#0" [stack: 0x00000006f0a00000,0x00000006f0b00000] [id=15200]

=>0x000001d693e80400 (exited) JavaThread "Unknown thread" [_thread_in_vm, id=14672, stack(0x00000006f0900000,0x00000006f0a00000)]

Threads with active compile tasks:

VM state: not at safepoint (not fully initialized)

VM Mutex/Monitor currently owned by a thread: None

Heap address: 0x00000000c0000000, size: 1024 MB, Compressed Oops mode: 32-bit

CDS archive(s) not mapped
Compressed class space mapped at: 0x0000000100000000-0x0000000140000000, reserved size: 1073741824
Narrow klass base: 0x0000000000000000, Narrow klass shift: 3, Narrow klass range: 0x140000000

GC Precious Log:
 CPUs: 8 total, 8 available
 Memory: 7973M
 Large Page Support: Disabled
 NUMA Support: Disabled
 Compressed Oops: Enabled (32-bit)
 Alignments: Space 512K, Generation 512K, Heap 2M
 Heap Min Capacity: 100M
 Heap Initial Capacity: 100M
 Heap Max Capacity: 1G
 Pre-touch: Disabled
 Parallel Workers: 8

Heap:
 PSYoungGen      total 29696K, used 0K [0x00000000eab00000, 0x00000000ecc00000, 0x0000000100000000)
  eden space 25600K, 0% used [0x00000000eab00000,0x00000000eab00000,0x00000000ec400000)
  from space 4096K, 0% used [0x00000000ec800000,0x00000000ec800000,0x00000000ecc00000)
  to   space 4096K, 0% used [0x00000000ec400000,0x00000000ec400000,0x00000000ec800000)
 ParOldGen       total 68608K, used 0K [0x00000000c0000000, 0x00000000c4300000, 0x00000000eab00000)
  object space 68608K, 0% used [0x00000000c0000000,0x00000000c0000000,0x00000000c4300000)
 Metaspace       used 3K, committed 128K, reserved 1114112K
  class space    used 3K, committed 64K, reserved 1048576K

Card table byte_map: [0x000001d693850000,0x000001d693a60000] _byte_map_base: 0x000001d693250000

Marking Bits: (ParMarkBitMap*) 0x00007ffe135cd820
 Begin Bits: [0x000001d6a5b20000, 0x000001d6a6b20000)
 End Bits:   [0x000001d6a6b20000, 0x000001d6a7b20000)

GC Heap History (0 events):
No events

Dll operation events (1 events):
Event: 0.194 Loaded shared library c:\Users\HP\.vscode\extensions\redhat.java-1.31.0-win32-x64\jre\17.0.11-win32-x86_64\bin\java.dll

Deoptimization events (0 events):
No events

Classes unloaded (0 events):
No events

Classes redefined (0 events):
No events

Internal exceptions (0 events):
No events

VM Operations (0 events):
No events

Events (1 events):
Event: 0.335 loading class java/lang/Object


Dynamic libraries:
0x00007ff6f6810000 - 0x00007ff6f681e000 	c:\Users\HP\.vscode\extensions\redhat.java-1.31.0-win32-x64\jre\17.0.11-win32-x86_64\bin\java.exe
0x00007ffe99eb0000 - 0x00007ffe9a0a8000 	C:\WINDOWS\SYSTEM32\ntdll.dll
0x00007ffe98f60000 - 0x00007ffe9901d000 	C:\WINDOWS\System32\KERNEL32.DLL
0x00007ffe97560000 - 0x00007ffe97856000 	C:\WINDOWS\System32\KERNELBASE.dll
0x00007ffe97890000 - 0x00007ffe97990000 	C:\WINDOWS\System32\ucrtbase.dll
0x00007ffe78170000 - 0x00007ffe78187000 	c:\Users\HP\.vscode\extensions\redhat.java-1.31.0-win32-x64\jre\17.0.11-win32-x86_64\bin\jli.dll
0x00007ffe77c50000 - 0x00007ffe77c6b000 	c:\Users\HP\.vscode\extensions\redhat.java-1.31.0-win32-x64\jre\17.0.11-win32-x86_64\bin\VCRUNTIME140.dll
0x00007ffe99cd0000 - 0x00007ffe99e6f000 	C:\WINDOWS\System32\USER32.dll
0x00007ffe7b0d0000 - 0x00007ffe7b36a000 	C:\WINDOWS\WinSxS\amd64_microsoft.windows.common-controls_6595b64144ccf1df_6.0.19041.4355_none_60b8b9eb71f62e16\COMCTL32.dll
0x00007ffe97ce0000 - 0x00007ffe97d02000 	C:\WINDOWS\System32\win32u.dll
0x00007ffe98270000 - 0x00007ffe9830e000 	C:\WINDOWS\System32\msvcrt.dll
0x00007ffe98ae0000 - 0x00007ffe98b0b000 	C:\WINDOWS\System32\GDI32.dll
0x00007ffe97dc0000 - 0x00007ffe97ed7000 	C:\WINDOWS\System32\gdi32full.dll
0x00007ffe97990000 - 0x00007ffe97a2d000 	C:\WINDOWS\System32\msvcp_win.dll
0x00007ffe984e0000 - 0x00007ffe98512000 	C:\WINDOWS\System32\IMM32.DLL
0x00007ffe782d0000 - 0x00007ffe782dc000 	c:\Users\HP\.vscode\extensions\redhat.java-1.31.0-win32-x64\jre\17.0.11-win32-x86_64\bin\vcruntime140_1.dll
0x00007ffe63100000 - 0x00007ffe6318d000 	c:\Users\HP\.vscode\extensions\redhat.java-1.31.0-win32-x64\jre\17.0.11-win32-x86_64\bin\msvcp140.dll
0x00007ffe12a30000 - 0x00007ffe13692000 	c:\Users\HP\.vscode\extensions\redhat.java-1.31.0-win32-x64\jre\17.0.11-win32-x86_64\bin\server\jvm.dll
0x00007ffe989a0000 - 0x00007ffe98a50000 	C:\WINDOWS\System32\ADVAPI32.dll
0x00007ffe98440000 - 0x00007ffe984e0000 	C:\WINDOWS\System32\sechost.dll
0x00007ffe98090000 - 0x00007ffe981b3000 	C:\WINDOWS\System32\RPCRT4.dll
0x00007ffe97860000 - 0x00007ffe97887000 	C:\WINDOWS\System32\bcrypt.dll
0x00007ffe97300000 - 0x00007ffe9734b000 	C:\WINDOWS\SYSTEM32\POWRPROF.dll
0x00007ffe8b3a0000 - 0x00007ffe8b3c7000 	C:\WINDOWS\SYSTEM32\WINMM.dll
0x00007ffe782f0000 - 0x00007ffe782f9000 	C:\WINDOWS\SYSTEM32\WSOCK32.dll
0x00007ffe8dab0000 - 0x00007ffe8daba000 	C:\WINDOWS\SYSTEM32\VERSION.dll
0x00007ffe98ef0000 - 0x00007ffe98f5b000 	C:\WINDOWS\System32\WS2_32.dll
0x00007ffe972e0000 - 0x00007ffe972f2000 	C:\WINDOWS\SYSTEM32\UMPDC.dll
0x00007ffe95d70000 - 0x00007ffe95d82000 	C:\WINDOWS\SYSTEM32\kernel.appcore.dll
0x00007ffe78130000 - 0x00007ffe7813a000 	c:\Users\HP\.vscode\extensions\redhat.java-1.31.0-win32-x64\jre\17.0.11-win32-x86_64\bin\jimage.dll
0x00007ffe952e0000 - 0x00007ffe954c4000 	C:\WINDOWS\SYSTEM32\DBGHELP.DLL
0x00007ffe74830000 - 0x00007ffe74864000 	C:\WINDOWS\SYSTEM32\dbgcore.DLL
0x00007ffe97c50000 - 0x00007ffe97cd2000 	C:\WINDOWS\System32\bcryptPrimitives.dll
0x00007ffe779d0000 - 0x00007ffe779de000 	c:\Users\HP\.vscode\extensions\redhat.java-1.31.0-win32-x64\jre\17.0.11-win32-x86_64\bin\instrument.dll
0x00007ffe6be70000 - 0x00007ffe6be95000 	c:\Users\HP\.vscode\extensions\redhat.java-1.31.0-win32-x64\jre\17.0.11-win32-x86_64\bin\java.dll

dbghelp: loaded successfully - version: 4.0.5 - missing functions: none
symbol engine: initialized successfully - sym options: 0x614 - pdb path: .;c:\Users\HP\.vscode\extensions\redhat.java-1.31.0-win32-x64\jre\17.0.11-win32-x86_64\bin;C:\WINDOWS\SYSTEM32;C:\WINDOWS\WinSxS\amd64_microsoft.windows.common-controls_6595b64144ccf1df_6.0.19041.4355_none_60b8b9eb71f62e16;c:\Users\HP\.vscode\extensions\redhat.java-1.31.0-win32-x64\jre\17.0.11-win32-x86_64\bin\server

VM Arguments:
jvm_args: --add-modules=ALL-SYSTEM --add-opens=java.base/java.util=ALL-UNNAMED --add-opens=java.base/java.lang=ALL-UNNAMED --add-opens=java.base/sun.nio.fs=ALL-UNNAMED -Declipse.application=org.eclipse.jdt.ls.core.id1 -Dosgi.bundles.defaultStartLevel=4 -Declipse.product=org.eclipse.jdt.ls.core.product -Djava.import.generatesMetadataFilesAtProjectRoot=false -DDetectVMInstallationsJob.disabled=true -Dfile.encoding=utf8 -XX:+UseParallelGC -XX:GCTimeRatio=4 -XX:AdaptiveSizePolicyWeight=90 -Dsun.zip.disableMemoryMapping=true -Xmx1G -Xms100m -Xlog:disable -javaagent:c:\Users\HP\.vscode\extensions\redhat.java-1.31.0-win32-x64\lombok\lombok-1.18.32.jar 
java_command: c:\Users\HP\.vscode\extensions\redhat.java-1.31.0-win32-x64\server\plugins\org.eclipse.equinox.launcher_1.6.800.v20240513-1750.jar -configuration c:\Users\HP\AppData\Roaming\Code\User\globalStorage\redhat.java\1.31.0\config_ss_win -data c:\Users\HP\AppData\Roaming\Code\User\workspaceStorage\9fd4e8ca408edbadcc357aa2cc59f65c\redhat.java\ss_ws --pipe=\\.\pipe\lsp-7e01cecb886c57aba4f12a0b013e0fd3-sock
java_class_path (initial): c:\Users\HP\.vscode\extensions\redhat.java-1.31.0-win32-x64\server\plugins\org.eclipse.equinox.launcher_1.6.800.v20240513-1750.jar
Launcher Type: SUN_STANDARD

[Global flags]
    uintx AdaptiveSizePolicyWeight                 = 90                                        {product} {command line}
     intx CICompilerCount                          = 4                                         {product} {ergonomic}
    uintx GCTimeRatio                              = 4                                         {product} {command line}
   size_t InitialHeapSize                          = 104857600                                 {product} {command line}
   size_t MaxHeapSize                              = 1073741824                                {product} {command line}
   size_t MaxNewSize                               = 357564416                                 {product} {ergonomic}
   size_t MinHeapDeltaBytes                        = 524288                                    {product} {ergonomic}
   size_t MinHeapSize                              = 104857600                                 {product} {command line}
   size_t NewSize                                  = 34603008                                  {product} {ergonomic}
    uintx NonNMethodCodeHeapSize                   = 5839372                                {pd product} {ergonomic}
    uintx NonProfiledCodeHeapSize                  = 122909434                              {pd product} {ergonomic}
   size_t OldSize                                  = 70254592                                  {product} {ergonomic}
    uintx ProfiledCodeHeapSize                     = 122909434                              {pd product} {ergonomic}
    uintx ReservedCodeCacheSize                    = 251658240                              {pd product} {ergonomic}
     bool SegmentedCodeCache                       = true                                      {product} {ergonomic}
   size_t SoftMaxHeapSize                          = 1073741824                             {manageable} {ergonomic}
     bool UseCompressedClassPointers               = true                           {product lp64_product} {ergonomic}
     bool UseCompressedOops                        = true                           {product lp64_product} {ergonomic}
     bool UseLargePagesIndividualAllocation        = false                                  {pd product} {ergonomic}
     bool UseParallelGC                            = true                                      {product} {command line}

Logging:
Log output configuration:
 #0: stdout all=off uptime,level,tags
 #1: stderr all=off uptime,level,tags

Environment Variables:
PATH=C:\Program Files\WinRAR;C:\WINDOWS\system32;C:\WINDOWS;C:\WINDOWS\System32\Wbem;C:\WINDOWS\System32\WindowsPowerShell\v1.0\;C:\WINDOWS\System32\OpenSSH\;C:\Users\HP\Desktop\jdk-19.0.2_windows-x64_bin.msi\bin;C:\xampp\php;C:\Program Files\java\jdk-21_windows-x64_bin\jdk-21.0.3\bin;C:\Program Files\nodejs\;C:\ProgramData\chocolatey\bin;C:\ProgramData\ComposerSetup\bin;C:\Users\HP\scoop\shims;C:\Users\HP\AppData\Local\Programs\Python\Launcher\;C:\Users\HP\AppData\Local\Microsoft\WindowsApps;C:\msys64\ucrt64\bin;C:\Users\HP\AppData\Local\Programs\Microsoft VS Code\bin;C:\Users\HP\AppData\Roaming\Composer\vendor\bin;C:\Users\HP\AppData\Local\GitHubDesktop\bin;C:\Program Files\java;C:\Users\HP\AppData\Roaming\npm
USERNAME=HP
OS=Windows_NT
PROCESSOR_IDENTIFIER=Intel64 Family 6 Model 126 Stepping 5, GenuineIntel
TMP=C:\Users\HP\AppData\Local\Temp
TEMP=C:\Users\HP\AppData\Local\Temp



Periodic native trim disabled


---------------  S Y S T E M  ---------------

OS:
 Windows 10 , 64 bit Build 19041 (10.0.19041.3636)
OS uptime: 0 days 10:57 hours

CPU: total 8 (initial active 8) (4 cores per cpu, 2 threads per core) family 6 model 126 stepping 5 microcode 0x78, cx8, cmov, fxsr, ht, mmx, 3dnowpref, sse, sse2, sse3, ssse3, sse4.1, sse4.2, popcnt, lzcnt, tsc, tscinvbit, avx, avx2, aes, erms, clmul, bmi1, bmi2, adx, avx512f, avx512dq, avx512cd, avx512bw, avx512vl, sha, fma, vzeroupper, avx512_vpopcntdq, avx512_vpclmulqdq, avx512_vaes, avx512_vnni, clflush, clflushopt, avx512_vbmi2, avx512_vbmi
Processor Information for all 8 processors :
  Max Mhz: 1190, Current Mhz: 991, Mhz Limit: 987

Memory: 4k page, system-wide physical 7973M (837M free)
TotalPageFile size 15947M (AvailPageFile size 3207M)
current process WorkingSet (physical memory assigned to process): 11M, peak: 11M
current process commit charge ("private bytes"): 147M, peak: 147M

vm_info: OpenJDK 64-Bit Server VM (17.0.11+9) for windows-amd64 JRE (17.0.11+9), built on Apr 17 2024 06:07:48 by "admin" with MS VC++ 16.10 / 16.11 (VS2019)

END.
