#
# A fatal error has been detected by the Java Runtime Environment:
#
#  EXCEPTION_ACCESS_VIOLATION (0xc0000005) at pc=0x0000000000000000, pid=18128, tid=10392
#
# JRE version:  (17.0.11+9) (build )
# Java VM: OpenJDK 64-Bit Server VM (17.0.11+9, mixed mode, tiered, compressed oops, compressed class ptrs, parallel gc, windows-amd64)
# Problematic frame:
# C  [jimage.dll+0x1827]
#
# No core dump will be written. Minidumps are not enabled by default on client versions of Windows
#
#

---------------  S U M M A R Y ------------

Command Line: --add-modules=ALL-SYSTEM --add-opens=java.base/java.util=ALL-UNNAMED --add-opens=java.base/java.lang=ALL-UNNAMED --add-opens=java.base/sun.nio.fs=ALL-UNNAMED -Declipse.application=org.eclipse.jdt.ls.core.id1 -Dosgi.bundles.defaultStartLevel=4 -Declipse.product=org.eclipse.jdt.ls.core.product -Djava.import.generatesMetadataFilesAtProjectRoot=false -DDetectVMInstallationsJob.disabled=true -Dfile.encoding=utf8 -XX:+UseParallelGC -XX:GCTimeRatio=4 -XX:AdaptiveSizePolicyWeight=90 -Dsun.zip.disableMemoryMapping=true -Xmx1G -Xms100m -Xlog:disable -javaagent:c:\Users\HP\.vscode\extensions\redhat.java-1.31.0-win32-x64\lombok\lombok-1.18.32.jar c:\Users\HP\.vscode\extensions\redhat.java-1.31.0-win32-x64\server\plugins\org.eclipse.equinox.launcher_1.6.800.v20240513-1750.jar -configuration c:\Users\HP\AppData\Roaming\Code\User\globalStorage\redhat.java\1.31.0\config_ss_win -data c:\Users\HP\AppData\Roaming\Code\User\workspaceStorage\9fd4e8ca408edbadcc357aa2cc59f65c\redhat.java\ss_ws --pipe=\\.\pipe\lsp-e00fa077ab5595d1513d7922998d1847-sock

Host: Intel(R) Core(TM) i5-1035G1 CPU @ 1.00GHz, 8 cores, 7G,  Windows 10 , 64 bit Build 19041 (10.0.19041.3636)
Time: Sat Jun  1 15:25:57 2024 Maroc (heure d64 bit Build 19041 (10.0.19041.3636) elapsed time: 0.196814 seconds (0d 0h 0m 0s)

---------------  T H R E A D  ---------------

Current thread (0x00000181c2e80f10):  JavaThread "Unknown thread" [_thread_in_vm, id=10392, stack(0x0000004fb7e00000,0x0000004fb7f00000)]

Stack: [0x0000004fb7e00000,0x0000004fb7f00000],  sp=0x0000004fb7efeb70,  free space=1018k
Native frames: (J=compiled Java code, j=interpreted, Vv=VM code, C=native code)


siginfo: EXCEPTION_ACCESS_VIOLATION (0xc0000005), data execution prevention violation at address 0x0000000000000000


Registers:
RAX=0x00000181c316badf, RBX=0x00000181c2ef1d50, RCX=0x00000181c316badf, RDX=0x000000000000034e
RSP=0x0000004fb7efeb68, RBP=0x0000004fb7efec80, RSI=0x00000181c316bac2, RDI=0x00000181c316bac2
R8 =0x00000181c2ef1d50, R9 =0x00000000000005d5, R10=0x0000004fb7efebe0, R11=0x0000002000050400
R12=0x00000000000005d5, R13=0x00000181c2e81400, R14=0x00000181c2e83400, R15=0x00000181c2e83400
RIP=0x0000000000000000, EFLAGS=0x0000000000010246


Top of Stack: (sp=0x0000004fb7efeb68)
0x0000004fb7efeb68:   00007ff827f91827 00000181c2ef1d50
0x0000004fb7efeb78:   00007ff827f9186b 00000000000005d5
0x0000004fb7efeb88:   000000000000000a 0000004fb7efebc8
0x0000004fb7efeb98:   00007ff853d6fde6 00000181c316bac2
0x0000004fb7efeba8:   00007ff827f91485 00000181c2ef1d50
0x0000004fb7efebb8:   0000004fb7efec80 00000181c316bac2
0x0000004fb7efebc8:   0000000000000000 0000004fb7efec80
0x0000004fb7efebd8:   0000000000000000 00000000cafefafa
0x0000004fb7efebe8:   000000000000034e 00000000000005d5
0x0000004fb7efebf8:   ffffffff00000007 0000000000000001
0x0000004fb7efec08:   0000956357f15324 00000000000005d5
0x0000004fb7efec18:   00000181c2e83400 00000181c2e813f0
0x0000004fb7efec28:   00000181c0d1a140 00000000000b2f6e
0x0000004fb7efec38:   000000000000036b 00000181c316bac2
0x0000004fb7efec48:   00007ff827f91e9f 0000000000000000
0x0000004fb7efec58:   0000000000000000 0000000000000000
0x0000004fb7efec68:   0000000000000000 00007ff827f96000
0x0000004fb7efec78:   0000000000002898 00000181c301c997
0x0000004fb7efec88:   00007ff80009c1bd 00000181c2e80f10
0x0000004fb7efec98:   00000181c2e8e930 00000181c0d1a140
0x0000004fb7efeca8:   00007ff827f91f36 00000181c2fe442e
0x0000004fb7efecb8:   00000181c2e81420 00000181c2e83400
0x0000004fb7efecc8:   00000181c2e98830 0000000000000000
0x0000004fb7efecd8:   000000000000000b 0000000000002945
0x0000004fb7efece8:   00000000000031f6 0000000000000001
0x0000004fb7efecf8:   00000000000b2f6e 000000000000036b
0x0000004fb7efed08:   00000000000005d5 0000956357f15424
0x0000004fb7efed18:   0000000000000000 000000000006b59a
0x0000004fb7efed28:   00000181c2e9e0a0 00000000000005d5
0x0000004fb7efed38:   00007ff827f9266e 00000181c2e80f10
0x0000004fb7efed48:   00000181c0d39180 00000000000005e0
0x0000004fb7efed58:   0000000000007fd8 00000181c2e83400 

Instructions: (pc=0x00007ff827f91827)
0x00007ff827f91727:   00 4c 8b bc 24 98 00 00 00 4c 03 f3 eb 53 ff c6
0x00007ff827f91737:   41 88 16 48 8d 0d 0f 2c 00 00 0f b6 1c 0a 49 ff
0x00007ff827f91747:   c6 44 8b c3 49 8b d7 49 8b ce e8 5a 23 00 00 4c
0x00007ff827f91757:   03 f3 4c 03 fb eb 2a 41 88 16 49 8b cf 49 ff c6
0x00007ff827f91767:   e8 d8 fa ff ff 0f b7 d8 49 8b d7 49 8b ce 4c 8d
0x00007ff827f91777:   43 02 e8 32 23 00 00 48 8d 43 02 4c 03 f0 4c 03
0x00007ff827f91787:   f8 ff c6 89 b4 24 a0 00 00 00 3b 74 24 20 0f 8c
0x00007ff827f91797:   9f fd ff ff 48 8b bc 24 a8 00 00 00 48 8b 5f 08
0x00007ff827f917a7:   41 8b c7 2b 44 24 40 48 8b 57 10 48 63 c8 48 2b
0x00007ff827f917b7:   d9 4c 8b c3 4c 2b 44 24 48 4d 03 c6 49 3b d0 74
0x00007ff827f917c7:   0c 48 8d 0d e9 2b 00 00 e8 a8 01 00 00 4c 8b c3
0x00007ff827f917d7:   49 8b d7 49 8b ce 48 8b 9c 24 90 00 00 00 48 83
0x00007ff827f917e7:   c4 50 41 5f 41 5e 41 5d 41 5c 5f 5e 5d e9 b7 22
0x00007ff827f917f7:   00 00 cc cc cc 48 83 ec 38 48 83 64 24 58 00 48
0x00007ff827f91807:   8d 4c 24 58 4d 8b d1 48 89 4c 24 20 4d 8b 49 10
0x00007ff827f91817:   48 8b c2 48 8b c8 49 8b 52 08 ff 15 e9 49 00 00
0x00007ff827f91827:   48 83 c4 38 c3 48 89 5c 24 08 48 89 6c 24 10 48
0x00007ff827f91837:   89 74 24 18 57 48 83 ec 20 48 8b e9 e8 54 00 00
0x00007ff827f91847:   00 33 db 39 1d b8 49 00 00 7e 2b 33 ff 48 8b 05
0x00007ff827f91857:   a5 49 00 00 48 8b d5 48 8b 34 07 48 8b 4e 08 e8
0x00007ff827f91867:   6f 22 00 00 85 c0 74 25 ff c3 48 83 c7 08 3b 1d
0x00007ff827f91877:   8d 49 00 00 7c d7 33 c0 48 8b 5c 24 30 48 8b 6c
0x00007ff827f91887:   24 38 48 8b 74 24 40 48 83 c4 20 5f c3 48 8b c6
0x00007ff827f91897:   eb e6 cc cc cc 40 53 48 83 ec 20 48 83 3d 56 49
0x00007ff827f918a7:   00 00 00 0f 85 be 00 00 00 48 8d 0d d1 2a 00 00
0x00007ff827f918b7:   ff 15 43 27 00 00 48 85 c0 75 12 48 8d 0d bf 2a
0x00007ff827f918c7:   00 00 ff 15 41 27 00 00 48 85 c0 74 10 48 8d 15
0x00007ff827f918d7:   b5 2a 00 00 48 8b c8 ff 15 24 27 00 00 bb 10 00
0x00007ff827f918e7:   00 00 48 89 05 20 49 00 00 8b cb c7 05 0c 49 00
0x00007ff827f918f7:   00 02 00 00 00 e8 23 11 00 00 8b cb 48 89 05 f6
0x00007ff827f91907:   48 00 00 e8 d9 10 00 00 48 8b c8 48 85 c0 74 17
0x00007ff827f91917:   48 8d 05 86 2a 00 00 48 89 41 08 48 8d 05 47 2a 



---------------  P R O C E S S  ---------------

Threads class SMR info:
_java_thread_list=0x00007fffd56eeed8, length=0, elements={
}

Java Threads: ( => current thread )

Other Threads:
  0x00000181c2e957b0 GCTaskThread "GC Thread#0" [stack: 0x0000004fb7f00000,0x0000004fb8000000] [id=12596]

=>0x00000181c2e80f10 (exited) JavaThread "Unknown thread" [_thread_in_vm, id=10392, stack(0x0000004fb7e00000,0x0000004fb7f00000)]

Threads with active compile tasks:

VM state: not at safepoint (not fully initialized)

VM Mutex/Monitor currently owned by a thread: None

Heap address: 0x00000000c0000000, size: 1024 MB, Compressed Oops mode: 32-bit

CDS archive(s) not mapped
Compressed class space mapped at: 0x0000000100000000-0x0000000140000000, reserved size: 1073741824
Narrow klass base: 0x0000000000000000, Narrow klass shift: 3, Narrow klass range: 0x140000000

GC Precious Log:
 CPUs: 8 total, 8 available
 Memory: 7973M
 Large Page Support: Disabled
 NUMA Support: Disabled
 Compressed Oops: Enabled (32-bit)
 Alignments: Space 512K, Generation 512K, Heap 2M
 Heap Min Capacity: 100M
 Heap Initial Capacity: 100M
 Heap Max Capacity: 1G
 Pre-touch: Disabled
 Parallel Workers: 8

Heap:
 PSYoungGen      total 29696K, used 0K [0x00000000eab00000, 0x00000000ecc00000, 0x0000000100000000)
  eden space 25600K, 0% used [0x00000000eab00000,0x00000000eab00000,0x00000000ec400000)
  from space 4096K, 0% used [0x00000000ec800000,0x00000000ec800000,0x00000000ecc00000)
  to   space 4096K, 0% used [0x00000000ec400000,0x00000000ec400000,0x00000000ec800000)
 ParOldGen       total 68608K, used 0K [0x00000000c0000000, 0x00000000c4300000, 0x00000000eab00000)
  object space 68608K, 0% used [0x00000000c0000000,0x00000000c0000000,0x00000000c4300000)
 Metaspace       used 3K, committed 128K, reserved 1114112K
  class space    used 3K, committed 64K, reserved 1048576K

Card table byte_map: [0x00000181c2820000,0x00000181c2a30000] _byte_map_base: 0x00000181c2220000

Marking Bits: (ParMarkBitMap*) 0x00007fffd575d820
 Begin Bits: [0x00000181d4b20000, 0x00000181d5b20000)
 End Bits:   [0x00000181d5b20000, 0x00000181d6b20000)

GC Heap History (0 events):
No events

Dll operation events (1 events):
Event: 0.133 Loaded shared library c:\Users\HP\.vscode\extensions\redhat.java-1.31.0-win32-x64\jre\17.0.11-win32-x86_64\bin\java.dll

Deoptimization events (0 events):
No events

Classes unloaded (0 events):
No events

Classes redefined (0 events):
No events

Internal exceptions (0 events):
No events

VM Operations (0 events):
No events

Events (1 events):
Event: 0.141 loading class java/lang/Object


Dynamic libraries:
0x00007ff70be50000 - 0x00007ff70be5e000 	c:\Users\HP\.vscode\extensions\redhat.java-1.31.0-win32-x64\jre\17.0.11-win32-x86_64\bin\java.exe
0x00007ff856030000 - 0x00007ff856228000 	C:\WINDOWS\SYSTEM32\ntdll.dll
0x00007ff8546e0000 - 0x00007ff85479d000 	C:\WINDOWS\System32\KERNEL32.DLL
0x00007ff8539a0000 - 0x00007ff853c96000 	C:\WINDOWS\System32\KERNELBASE.dll
0x00007ff853d60000 - 0x00007ff853e60000 	C:\WINDOWS\System32\ucrtbase.dll
0x00007ff84b9c0000 - 0x00007ff84b9db000 	c:\Users\HP\.vscode\extensions\redhat.java-1.31.0-win32-x64\jre\17.0.11-win32-x86_64\bin\VCRUNTIME140.dll
0x00007ff827620000 - 0x00007ff827637000 	c:\Users\HP\.vscode\extensions\redhat.java-1.31.0-win32-x64\jre\17.0.11-win32-x86_64\bin\jli.dll
0x00007ff854370000 - 0x00007ff85450f000 	C:\WINDOWS\System32\USER32.dll
0x00007ff853ca0000 - 0x00007ff853cc2000 	C:\WINDOWS\System32\win32u.dll
0x00007ff838b60000 - 0x00007ff838dfa000 	C:\WINDOWS\WinSxS\amd64_microsoft.windows.common-controls_6595b64144ccf1df_6.0.19041.4355_none_60b8b9eb71f62e16\COMCTL32.dll
0x00007ff855080000 - 0x00007ff8550ab000 	C:\WINDOWS\System32\GDI32.dll
0x00007ff854640000 - 0x00007ff8546de000 	C:\WINDOWS\System32\msvcrt.dll
0x00007ff853e60000 - 0x00007ff853f77000 	C:\WINDOWS\System32\gdi32full.dll
0x00007ff8538b0000 - 0x00007ff85394d000 	C:\WINDOWS\System32\msvcp_win.dll
0x00007ff8558d0000 - 0x00007ff855902000 	C:\WINDOWS\System32\IMM32.DLL
0x00007ff8284e0000 - 0x00007ff8284ec000 	c:\Users\HP\.vscode\extensions\redhat.java-1.31.0-win32-x64\jre\17.0.11-win32-x86_64\bin\vcruntime140_1.dll
0x00007ff802560000 - 0x00007ff8025ed000 	c:\Users\HP\.vscode\extensions\redhat.java-1.31.0-win32-x64\jre\17.0.11-win32-x86_64\bin\msvcp140.dll
0x00007fffd4bc0000 - 0x00007fffd5822000 	c:\Users\HP\.vscode\extensions\redhat.java-1.31.0-win32-x64\jre\17.0.11-win32-x86_64\bin\server\jvm.dll
0x00007ff854260000 - 0x00007ff854310000 	C:\WINDOWS\System32\ADVAPI32.dll
0x00007ff855c80000 - 0x00007ff855d20000 	C:\WINDOWS\System32\sechost.dll
0x00007ff854860000 - 0x00007ff854983000 	C:\WINDOWS\System32\RPCRT4.dll
0x00007ff853f80000 - 0x00007ff853fa7000 	C:\WINDOWS\System32\bcrypt.dll
0x00007ff82f730000 - 0x00007ff82f739000 	C:\WINDOWS\SYSTEM32\WSOCK32.dll
0x00007ff854a10000 - 0x00007ff854a7b000 	C:\WINDOWS\System32\WS2_32.dll
0x00007ff8473b0000 - 0x00007ff8473d7000 	C:\WINDOWS\SYSTEM32\WINMM.dll
0x00007ff849e10000 - 0x00007ff849e1a000 	C:\WINDOWS\SYSTEM32\VERSION.dll
0x00007ff853260000 - 0x00007ff8532ab000 	C:\WINDOWS\SYSTEM32\POWRPROF.dll
0x00007ff853240000 - 0x00007ff853252000 	C:\WINDOWS\SYSTEM32\UMPDC.dll
0x00007ff851ef0000 - 0x00007ff851f02000 	C:\WINDOWS\SYSTEM32\kernel.appcore.dll
0x00007ff827f90000 - 0x00007ff827f9a000 	c:\Users\HP\.vscode\extensions\redhat.java-1.31.0-win32-x64\jre\17.0.11-win32-x86_64\bin\jimage.dll
0x00007ff851460000 - 0x00007ff851644000 	C:\WINDOWS\SYSTEM32\DBGHELP.DLL
0x00007ff831a20000 - 0x00007ff831a54000 	C:\WINDOWS\SYSTEM32\dbgcore.DLL
0x00007ff853cd0000 - 0x00007ff853d52000 	C:\WINDOWS\System32\bcryptPrimitives.dll
0x00007ff827e70000 - 0x00007ff827e7e000 	c:\Users\HP\.vscode\extensions\redhat.java-1.31.0-win32-x64\jre\17.0.11-win32-x86_64\bin\instrument.dll
0x00007ff80eb90000 - 0x00007ff80ebb5000 	c:\Users\HP\.vscode\extensions\redhat.java-1.31.0-win32-x64\jre\17.0.11-win32-x86_64\bin\java.dll

dbghelp: loaded successfully - version: 4.0.5 - missing functions: none
symbol engine: initialized successfully - sym options: 0x614 - pdb path: .;c:\Users\HP\.vscode\extensions\redhat.java-1.31.0-win32-x64\jre\17.0.11-win32-x86_64\bin;C:\WINDOWS\SYSTEM32;C:\WINDOWS\WinSxS\amd64_microsoft.windows.common-controls_6595b64144ccf1df_6.0.19041.4355_none_60b8b9eb71f62e16;c:\Users\HP\.vscode\extensions\redhat.java-1.31.0-win32-x64\jre\17.0.11-win32-x86_64\bin\server

VM Arguments:
jvm_args: --add-modules=ALL-SYSTEM --add-opens=java.base/java.util=ALL-UNNAMED --add-opens=java.base/java.lang=ALL-UNNAMED --add-opens=java.base/sun.nio.fs=ALL-UNNAMED -Declipse.application=org.eclipse.jdt.ls.core.id1 -Dosgi.bundles.defaultStartLevel=4 -Declipse.product=org.eclipse.jdt.ls.core.product -Djava.import.generatesMetadataFilesAtProjectRoot=false -DDetectVMInstallationsJob.disabled=true -Dfile.encoding=utf8 -XX:+UseParallelGC -XX:GCTimeRatio=4 -XX:AdaptiveSizePolicyWeight=90 -Dsun.zip.disableMemoryMapping=true -Xmx1G -Xms100m -Xlog:disable -javaagent:c:\Users\HP\.vscode\extensions\redhat.java-1.31.0-win32-x64\lombok\lombok-1.18.32.jar 
java_command: c:\Users\HP\.vscode\extensions\redhat.java-1.31.0-win32-x64\server\plugins\org.eclipse.equinox.launcher_1.6.800.v20240513-1750.jar -configuration c:\Users\HP\AppData\Roaming\Code\User\globalStorage\redhat.java\1.31.0\config_ss_win -data c:\Users\HP\AppData\Roaming\Code\User\workspaceStorage\9fd4e8ca408edbadcc357aa2cc59f65c\redhat.java\ss_ws --pipe=\\.\pipe\lsp-e00fa077ab5595d1513d7922998d1847-sock
java_class_path (initial): c:\Users\HP\.vscode\extensions\redhat.java-1.31.0-win32-x64\server\plugins\org.eclipse.equinox.launcher_1.6.800.v20240513-1750.jar
Launcher Type: SUN_STANDARD

[Global flags]
    uintx AdaptiveSizePolicyWeight                 = 90                                        {product} {command line}
     intx CICompilerCount                          = 4                                         {product} {ergonomic}
    uintx GCTimeRatio                              = 4                                         {product} {command line}
   size_t InitialHeapSize                          = 104857600                                 {product} {command line}
   size_t MaxHeapSize                              = 1073741824                                {product} {command line}
   size_t MaxNewSize                               = 357564416                                 {product} {ergonomic}
   size_t MinHeapDeltaBytes                        = 524288                                    {product} {ergonomic}
   size_t MinHeapSize                              = 104857600                                 {product} {command line}
   size_t NewSize                                  = 34603008                                  {product} {ergonomic}
    uintx NonNMethodCodeHeapSize                   = 5839372                                {pd product} {ergonomic}
    uintx NonProfiledCodeHeapSize                  = 122909434                              {pd product} {ergonomic}
   size_t OldSize                                  = 70254592                                  {product} {ergonomic}
    uintx ProfiledCodeHeapSize                     = 122909434                              {pd product} {ergonomic}
    uintx ReservedCodeCacheSize                    = 251658240                              {pd product} {ergonomic}
     bool SegmentedCodeCache                       = true                                      {product} {ergonomic}
   size_t SoftMaxHeapSize                          = 1073741824                             {manageable} {ergonomic}
     bool UseCompressedClassPointers               = true                           {product lp64_product} {ergonomic}
     bool UseCompressedOops                        = true                           {product lp64_product} {ergonomic}
     bool UseLargePagesIndividualAllocation        = false                                  {pd product} {ergonomic}
     bool UseParallelGC                            = true                                      {product} {command line}

Logging:
Log output configuration:
 #0: stdout all=off uptime,level,tags
 #1: stderr all=off uptime,level,tags

Environment Variables:
PATH=C:\Program Files\WinRAR;C:\WINDOWS\system32;C:\WINDOWS;C:\WINDOWS\System32\Wbem;C:\WINDOWS\System32\WindowsPowerShell\v1.0\;C:\WINDOWS\System32\OpenSSH\;C:\Users\HP\Desktop\jdk-19.0.2_windows-x64_bin.msi\bin;C:\xampp\php;C:\Program Files\java\jdk-21_windows-x64_bin\jdk-21.0.3\bin;C:\Program Files\nodejs\;C:\ProgramData\chocolatey\bin;C:\ProgramData\ComposerSetup\bin;C:\Users\HP\scoop\shims;C:\Users\HP\AppData\Local\Programs\Python\Launcher\;C:\Users\HP\AppData\Local\Microsoft\WindowsApps;C:\msys64\ucrt64\bin;C:\Users\HP\AppData\Local\Programs\Microsoft VS Code\bin;C:\Users\HP\AppData\Roaming\Composer\vendor\bin;C:\Users\HP\AppData\Local\GitHubDesktop\bin;C:\Program Files\java;C:\Users\HP\AppData\Roaming\npm
USERNAME=HP
OS=Windows_NT
PROCESSOR_IDENTIFIER=Intel64 Family 6 Model 126 Stepping 5, GenuineIntel
TMP=C:\Users\HP\AppData\Local\Temp
TEMP=C:\Users\HP\AppData\Local\Temp



Periodic native trim disabled


---------------  S Y S T E M  ---------------

OS:
 Windows 10 , 64 bit Build 19041 (10.0.19041.3636)
OS uptime: 1 days 13:55 hours

CPU: total 8 (initial active 8) (4 cores per cpu, 2 threads per core) family 6 model 126 stepping 5 microcode 0x78, cx8, cmov, fxsr, ht, mmx, 3dnowpref, sse, sse2, sse3, ssse3, sse4.1, sse4.2, popcnt, lzcnt, tsc, tscinvbit, avx, avx2, aes, erms, clmul, bmi1, bmi2, adx, avx512f, avx512dq, avx512cd, avx512bw, avx512vl, sha, fma, vzeroupper, avx512_vpopcntdq, avx512_vpclmulqdq, avx512_vaes, avx512_vnni, clflush, clflushopt, avx512_vbmi2, avx512_vbmi
Processor Information for all 8 processors :
  Max Mhz: 1190, Current Mhz: 991, Mhz Limit: 987

Memory: 4k page, system-wide physical 7973M (314M free)
TotalPageFile size 19220M (AvailPageFile size 6863M)
current process WorkingSet (physical memory assigned to process): 11M, peak: 11M
current process commit charge ("private bytes"): 147M, peak: 147M

vm_info: OpenJDK 64-Bit Server VM (17.0.11+9) for windows-amd64 JRE (17.0.11+9), built on Apr 17 2024 06:07:48 by "admin" with MS VC++ 16.10 / 16.11 (VS2019)

END.
